<?xml version="1.0" encoding="UTF-8"?>
<!-- Generated by org.testng.reporters.JUnitXMLReporter -->
<testsuite hostname="CHELENL054" name="Default test" tests="1" failures="0" timestamp="4 Jan 2021 10:33:41 GMT" time="0.062" errors="0">
  <testcase name="@BeforeTest Vivo1" time="0.0" classname="Learn_Selenium.ExtentReportLearning">
    <failure type="java.lang.NoClassDefFoundError" message="io/reactivex/rxjava3/subjects/PublishSubject">
      <![CDATA[java.lang.NoClassDefFoundError: io/reactivex/rxjava3/subjects/PublishSubject
	at com.aventstack.extentreports.ReactiveSubject.<init>(ReactiveSubject.java:28)
	at com.aventstack.extentreports.AbstractProcessor.<init>(AbstractProcessor.java:22)
	at com.aventstack.extentreports.ExtentReports.<init>(ExtentReports.java:57)
	at Learn_Selenium.ExtentReportLearning.Vivo1(ExtentReportLearning.java:24)
	at sun.reflect.NativeMethodAccessorImpl.invoke0(Native Method)
	at sun.reflect.NativeMethodAccessorImpl.invoke(Unknown Source)
	at sun.reflect.DelegatingMethodAccessorImpl.invoke(Unknown Source)
	at java.lang.reflect.Method.invoke(Unknown Source)
	at org.testng.internal.MethodInvocationHelper.invokeMethod(MethodInvocationHelper.java:85)
	at org.testng.internal.Invoker.invokeConfigurationMethod(Invoker.java:510)
	at org.testng.internal.Invoker.invokeConfigurations(Invoker.java:211)
	at org.testng.internal.Invoker.invokeConfigurations(Invoker.java:138)
	at org.testng.TestRunner.beforeRun(TestRunner.java:648)
	at org.testng.TestRunner.run(TestRunner.java:616)
	at org.testng.SuiteRunner.runTest(SuiteRunner.java:359)
	at org.testng.SuiteRunner.runSequentially(SuiteRunner.java:354)
	at org.testng.SuiteRunner.privateRun(SuiteRunner.java:312)
	at org.testng.SuiteRunner.run(SuiteRunner.java:261)
	at org.testng.SuiteRunnerWorker.runSuite(SuiteRunnerWorker.java:52)
	at org.testng.SuiteRunnerWorker.run(SuiteRunnerWorker.java:86)
	at org.testng.TestNG.runSuitesSequentially(TestNG.java:1215)
	at org.testng.TestNG.runSuitesLocally(TestNG.java:1140)
	at org.testng.TestNG.run(TestNG.java:1048)
	at org.testng.remote.AbstractRemoteTestNG.run(AbstractRemoteTestNG.java:126)
	at org.testng.remote.RemoteTestNG.initAndRun(RemoteTestNG.java:137)
	at org.testng.remote.RemoteTestNG.main(RemoteTestNG.java:58)
Caused by: java.lang.ClassNotFoundException: io.reactivex.rxjava3.subjects.PublishSubject
	at java.net.URLClassLoader.findClass(Unknown Source)
	at java.lang.ClassLoader.loadClass(Unknown Source)
	at sun.misc.Launcher$AppClassLoader.loadClass(Unknown Source)
	at java.lang.ClassLoader.loadClass(Unknown Source)
	... 26 more
]]>
    </failure>
  </testcase> <!-- @BeforeTest Vivo1 -->
  <testcase name="@AfterTest Vivo3" time="0.0" classname="Learn_Selenium.ExtentReportLearning">
    <skipped/>
  </testcase> <!-- @AfterTest Vivo3 -->
  <testcase name="Vivo2" time="0.001" classname="Learn_Selenium.ExtentReportLearning">
    <skipped/>
  </testcase> <!-- Vivo2 -->
</testsuite> <!-- Default test -->
